0 info it worked if it ends with ok
1 verbose cli [ '/usr/local/bin/node',
1 verbose cli   '/usr/local/bin/npm',
1 verbose cli   'install',
1 verbose cli   '--save',
1 verbose cli   'ApiCall' ]
2 info using npm@2.15.1
3 info using node@v0.10.45
4 verbose config Skipping project config: /Users/alexwang/.npmrc. (matches userconfig)
5 verbose install initial load of /Users/alexwang/package.json
6 verbose installManyTop reading scoped package data from /Users/alexwang/node_modules/express/package.json
7 verbose installManyTop reading scoped package data from /Users/alexwang/node_modules/mongodb/package.json
8 verbose installManyTop reading scoped package data from /Users/alexwang/node_modules/mongoose/package.json
9 verbose installManyTop reading scoped package data from /Users/alexwang/node_modules/request/package.json
10 verbose readDependencies loading dependencies from /Users/alexwang/package.json
11 silly cache add args [ 'ApiCall', null ]
12 verbose cache add spec ApiCall
13 silly cache add parsed spec { raw: 'ApiCall',
13 silly cache add   scope: null,
13 silly cache add   name: 'ApiCall',
13 silly cache add   rawSpec: '',
13 silly cache add   spec: 'latest',
13 silly cache add   type: 'tag' }
14 silly addNamed ApiCall@latest
15 verbose addNamed "latest" is being treated as a dist-tag for ApiCall
16 info addNameTag [ 'ApiCall', 'latest' ]
17 silly mapToRegistry name ApiCall
18 silly mapToRegistry using default registry
19 silly mapToRegistry registry https://registry.npmjs.org/
20 silly mapToRegistry data { raw: 'ApiCall',
20 silly mapToRegistry   scope: null,
20 silly mapToRegistry   name: 'ApiCall',
20 silly mapToRegistry   rawSpec: '',
20 silly mapToRegistry   spec: 'latest',
20 silly mapToRegistry   type: 'tag' }
21 silly mapToRegistry uri https://registry.npmjs.org/ApiCall
22 verbose addNameTag registry:https://registry.npmjs.org/ApiCall not in flight; fetching
23 verbose request uri https://registry.npmjs.org/ApiCall
24 verbose request no auth needed
25 info attempt registry request try #1 at 14:48:02
26 verbose request id fb1f4efc88d4996e
27 http request GET https://registry.npmjs.org/ApiCall
28 http 404 https://registry.npmjs.org/ApiCall
29 verbose headers { 'content-type': 'application/json',
29 verbose headers   'cache-control': 'max-age=0',
29 verbose headers   'content-length': '2',
29 verbose headers   'accept-ranges': 'bytes',
29 verbose headers   date: 'Tue, 28 Jun 2016 21:48:02 GMT',
29 verbose headers   via: '1.1 varnish',
29 verbose headers   age: '0',
29 verbose headers   connection: 'keep-alive',
29 verbose headers   'x-served-by': 'cache-dfw1834-DFW',
29 verbose headers   'x-cache': 'MISS',
29 verbose headers   'x-cache-hits': '0',
29 verbose headers   'x-timer': 'S1467150482.348592,VS0,VE185',
29 verbose headers   vary: 'Accept-Encoding' }
30 silly get cb [ 404,
30 silly get   { 'content-type': 'application/json',
30 silly get     'cache-control': 'max-age=0',
30 silly get     'content-length': '2',
30 silly get     'accept-ranges': 'bytes',
30 silly get     date: 'Tue, 28 Jun 2016 21:48:02 GMT',
30 silly get     via: '1.1 varnish',
30 silly get     age: '0',
30 silly get     connection: 'keep-alive',
30 silly get     'x-served-by': 'cache-dfw1834-DFW',
30 silly get     'x-cache': 'MISS',
30 silly get     'x-cache-hits': '0',
30 silly get     'x-timer': 'S1467150482.348592,VS0,VE185',
30 silly get     vary: 'Accept-Encoding' } ]
31 verbose stack Error: Registry returned 404 for GET on https://registry.npmjs.org/ApiCall
31 verbose stack     at makeError (/usr/local/lib/node_modules/npm/node_modules/npm-registry-client/lib/request.js:264:12)
31 verbose stack     at CachingRegistryClient.<anonymous> (/usr/local/lib/node_modules/npm/node_modules/npm-registry-client/lib/request.js:242:14)
31 verbose stack     at Request._callback (/usr/local/lib/node_modules/npm/node_modules/npm-registry-client/lib/request.js:172:14)
31 verbose stack     at Request.self.callback (/usr/local/lib/node_modules/npm/node_modules/request/request.js:199:22)
31 verbose stack     at Request.emit (events.js:98:17)
31 verbose stack     at Request.<anonymous> (/usr/local/lib/node_modules/npm/node_modules/request/request.js:1036:10)
31 verbose stack     at Request.emit (events.js:117:20)
31 verbose stack     at IncomingMessage.<anonymous> (/usr/local/lib/node_modules/npm/node_modules/request/request.js:963:12)
31 verbose stack     at IncomingMessage.emit (events.js:117:20)
31 verbose stack     at _stream_readable.js:944:16
32 verbose statusCode 404
33 verbose pkgid ApiCall
34 verbose cwd /Users/alexwang/PartnerOnboardingMonitoring
35 error Darwin 15.5.0
36 error argv "/usr/local/bin/node" "/usr/local/bin/npm" "install" "--save" "ApiCall"
37 error node v0.10.45
38 error npm  v2.15.1
39 error code E404
40 error 404 Registry returned 404 for GET on https://registry.npmjs.org/ApiCall
40 error 404
40 error 404 'ApiCall' is not in the npm registry.
40 error 404 Your package name is not valid, because
40 error 404
40 error 404  1. name can no longer contain capital letters
40 error 404
40 error 404 Note that you can also install from a
40 error 404 tarball, folder, http url, or git url.
41 verbose exit [ 1, true ]
